[0m14:51:32.066052 [debug] [MainThread]: Sending event: {'category': 'dbt', 'action': 'invocation', 'label': 'start', 'context': [<snowplow_tracker.self_describing_json.SelfDescribingJson object at 0x000002D6BE9772F0>, <snowplow_tracker.self_describing_json.SelfDescribingJson object at 0x000002D6BE9774A0>, <snowplow_tracker.self_describing_json.SelfDescribingJson object at 0x000002D6BE977020>]}


============================== 14:51:32.074054 | 63552fb9-a622-41c0-ae95-ec3270acf6f9 ==============================
[0m14:51:32.074054 [info ] [MainThread]: Running with dbt=1.8.0
[0m14:51:32.076065 [debug] [MainThread]: running dbt with arguments {'printer_width': '80', 'indirect_selection': 'eager', 'write_json': 'True', 'log_cache_events': 'False', 'partial_parse': 'True', 'cache_selected_only': 'False', 'profiles_dir': 'C:\\Users\\Darth\\.dbt', 'version_check': 'True', 'debug': 'False', 'log_path': 'logs', 'fail_fast': 'False', 'warn_error': 'None', 'use_colors': 'True', 'use_experimental_parser': 'False', 'no_print': 'None', 'quiet': 'False', 'log_format': 'default', 'invocation_command': 'dbt init', 'static_parser': 'True', 'warn_error_options': 'WarnErrorOptions(include=[], exclude=[])', 'target_path': 'None', 'introspect': 'True', 'send_anonymous_usage_stats': 'True'}
[0m14:51:32.109055 [warn ] [MainThread]: [ConfigFolderDirectory]: Unable to parse dict {'dir': WindowsPath('C:/Users/Darth/.dbt')}
[0m14:51:32.110065 [info ] [MainThread]: Creating dbt configuration folder at 
[0m14:51:40.077403 [debug] [MainThread]: Starter project path: C:\Users\Darth\PycharmProjects\meiro_task\.venv\Lib\site-packages\dbt\include\starter_project
[0m14:51:40.107409 [info ] [MainThread]: 
Your new dbt project "meiro_dbt" was created!

For more information on how to configure the profiles.yml file,
please consult the dbt documentation here:

  https://docs.getdbt.com/docs/configure-your-profile

One more thing:

Need help? Don't hesitate to reach out to us via GitHub issues or on Slack:

  https://community.getdbt.com/

Happy modeling!

[0m14:51:40.109454 [info ] [MainThread]: Setting up your profile.
[0m14:52:14.389268 [info ] [MainThread]: Profile meiro_dbt written to C:\Users\Darth\.dbt\profiles.yml using target's profile_template.yml and your supplied values. Run 'dbt debug' to validate the connection.
[0m14:52:14.391268 [debug] [MainThread]: Command `dbt init` succeeded at 14:52:14.391268 after 42.50 seconds
[0m14:52:14.392266 [debug] [MainThread]: Sending event: {'category': 'dbt', 'action': 'invocation', 'label': 'end', 'context': [<snowplow_tracker.self_describing_json.SelfDescribingJson object at 0x000002D6BF6F2F60>, <snowplow_tracker.self_describing_json.SelfDescribingJson object at 0x000002D6BEDEA180>, <snowplow_tracker.self_describing_json.SelfDescribingJson object at 0x000002D6BEDE8590>]}
[0m14:52:14.393267 [debug] [MainThread]: Flushing usage events
[0m14:54:01.933734 [debug] [MainThread]: Sending event: {'category': 'dbt', 'action': 'invocation', 'label': 'start', 'context': [<snowplow_tracker.self_describing_json.SelfDescribingJson object at 0x000002B58747A1B0>, <snowplow_tracker.self_describing_json.SelfDescribingJson object at 0x000002B58CFEDD00>, <snowplow_tracker.self_describing_json.SelfDescribingJson object at 0x000002B58CBA2DB0>]}


============================== 14:54:01.939770 | 6550a03e-25a2-46f7-bd6f-5045a076f838 ==============================
[0m14:54:01.939770 [info ] [MainThread]: Running with dbt=1.8.0
[0m14:54:01.940736 [debug] [MainThread]: running dbt with arguments {'printer_width': '80', 'indirect_selection': 'eager', 'write_json': 'True', 'log_cache_events': 'False', 'partial_parse': 'True', 'cache_selected_only': 'False', 'warn_error': 'None', 'fail_fast': 'False', 'debug': 'False', 'log_path': 'logs', 'version_check': 'True', 'profiles_dir': 'C:\\Users\\Darth\\PycharmProjects\\meiro_task', 'use_colors': 'True', 'use_experimental_parser': 'False', 'no_print': 'None', 'quiet': 'False', 'log_format': 'default', 'introspect': 'True', 'static_parser': 'True', 'invocation_command': 'dbt debug', 'target_path': 'None', 'warn_error_options': 'WarnErrorOptions(include=[], exclude=[])', 'send_anonymous_usage_stats': 'True'}
[0m14:54:01.975835 [info ] [MainThread]: dbt version: 1.8.0
[0m14:54:01.976804 [info ] [MainThread]: python version: 3.12.2
[0m14:54:01.977817 [info ] [MainThread]: python path: C:\Users\Darth\PycharmProjects\meiro_task\.venv\Scripts\python.exe
[0m14:54:01.978805 [info ] [MainThread]: os info: Windows-10-10.0.19045-SP0
[0m14:54:02.128521 [info ] [MainThread]: Using profiles dir at C:\Users\Darth\PycharmProjects\meiro_task
[0m14:54:02.129535 [info ] [MainThread]: Using profiles.yml file at C:\Users\Darth\PycharmProjects\meiro_task\profiles.yml
[0m14:54:02.130521 [info ] [MainThread]: Using dbt_project.yml file at C:\Users\Darth\PycharmProjects\meiro_task\dbt_project.yml
[0m14:54:02.132521 [info ] [MainThread]: adapter type: postgres
[0m14:54:02.133522 [info ] [MainThread]: adapter version: 1.8.0
[0m14:54:02.134535 [info ] [MainThread]: Configuration:
[0m14:54:02.135541 [info ] [MainThread]:   profiles.yml file [[32mOK found and valid[0m]
[0m14:54:02.136522 [info ] [MainThread]:   dbt_project.yml file [[31mERROR not found[0m]
[0m14:54:02.137522 [info ] [MainThread]: Required dependencies:
[0m14:54:02.138522 [debug] [MainThread]: Executing "git --help"
[0m14:54:02.198521 [debug] [MainThread]: STDOUT: "b"usage: git [-v | --version] [-h | --help] [-C <path>] [-c <name>=<value>]\n           [--exec-path[=<path>]] [--html-path] [--man-path] [--info-path]\n           [-p | --paginate | -P | --no-pager] [--no-replace-objects] [--bare]\n           [--git-dir=<path>] [--work-tree=<path>] [--namespace=<name>]\n           [--super-prefix=<path>] [--config-env=<name>=<envvar>]\n           <command> [<args>]\n\nThese are common Git commands used in various situations:\n\nstart a working area (see also: git help tutorial)\n   clone     Clone a repository into a new directory\n   init      Create an empty Git repository or reinitialize an existing one\n\nwork on the current change (see also: git help everyday)\n   add       Add file contents to the index\n   mv        Move or rename a file, a directory, or a symlink\n   restore   Restore working tree files\n   rm        Remove files from the working tree and from the index\n\nexamine the history and state (see also: git help revisions)\n   bisect    Use binary search to find the commit that introduced a bug\n   diff      Show changes between commits, commit and working tree, etc\n   grep      Print lines matching a pattern\n   log       Show commit logs\n   show      Show various types of objects\n   status    Show the working tree status\n\ngrow, mark and tweak your common history\n   branch    List, create, or delete branches\n   commit    Record changes to the repository\n   merge     Join two or more development histories together\n   rebase    Reapply commits on top of another base tip\n   reset     Reset current HEAD to the specified state\n   switch    Switch branches\n   tag       Create, list, delete or verify a tag object signed with GPG\n\ncollaborate (see also: git help workflows)\n   fetch     Download objects and refs from another repository\n   pull      Fetch from and integrate with another repository or a local branch\n   push      Update remote refs along with associated objects\n\n'git help -a' and 'git help -g' list available subcommands and some\nconcept guides. See 'git help <command>' or 'git help <concept>'\nto read about a specific subcommand or concept.\nSee 'git help git' for an overview of the system.\n""
[0m14:54:02.199521 [debug] [MainThread]: STDERR: "b''"
[0m14:54:02.200521 [info ] [MainThread]:  - git [[32mOK found[0m]

[0m14:54:02.201523 [info ] [MainThread]: Connection:
[0m14:54:02.202522 [info ] [MainThread]:   host: localhost
[0m14:54:02.203521 [info ] [MainThread]:   port: 5432
[0m14:54:02.204521 [info ] [MainThread]:   user: postgres
[0m14:54:02.205522 [info ] [MainThread]:   database: meiro
[0m14:54:02.206521 [info ] [MainThread]:   schema: public
[0m14:54:02.207521 [info ] [MainThread]:   connect_timeout: 10
[0m14:54:02.208521 [info ] [MainThread]:   role: None
[0m14:54:02.209521 [info ] [MainThread]:   search_path: None
[0m14:54:02.209521 [info ] [MainThread]:   keepalives_idle: 0
[0m14:54:02.210520 [info ] [MainThread]:   sslmode: None
[0m14:54:02.212522 [info ] [MainThread]:   sslcert: None
[0m14:54:02.212522 [info ] [MainThread]:   sslkey: None
[0m14:54:02.214521 [info ] [MainThread]:   sslrootcert: None
[0m14:54:02.215535 [info ] [MainThread]:   application_name: dbt
[0m14:54:02.216523 [info ] [MainThread]:   retries: 1
[0m14:54:02.218552 [info ] [MainThread]: Registered adapter: postgres=1.8.0
[0m14:54:02.219522 [debug] [MainThread]: Acquiring new postgres connection 'debug'
[0m14:54:02.344524 [debug] [MainThread]: Using postgres connection "debug"
[0m14:54:02.345551 [debug] [MainThread]: On debug: select 1 as id
[0m14:54:02.346180 [debug] [MainThread]: Opening a new connection, currently in state init
[0m14:54:02.380347 [debug] [MainThread]: SQL status: SELECT 1 in 0.0 seconds
[0m14:54:02.381348 [debug] [MainThread]: On debug: Close
[0m14:54:02.382349 [info ] [MainThread]:   Connection test: [[32mOK connection ok[0m]

[0m14:54:02.384350 [info ] [MainThread]: [31m1 check failed:[0m
[0m14:54:02.385361 [info ] [MainThread]: Project loading failed for the following reason:
 project path <C:\Users\Darth\PycharmProjects\meiro_task\dbt_project.yml> not found

[0m14:54:02.387349 [debug] [MainThread]: Command `dbt debug` failed at 14:54:02.387349 after 0.62 seconds
[0m14:54:02.388347 [debug] [MainThread]: Connection 'debug' was properly closed.
[0m14:54:02.388347 [debug] [MainThread]: Sending event: {'category': 'dbt', 'action': 'invocation', 'label': 'end', 'context': [<snowplow_tracker.self_describing_json.SelfDescribingJson object at 0x000002B58D0F60C0>, <snowplow_tracker.self_describing_json.SelfDescribingJson object at 0x000002B58C757140>, <snowplow_tracker.self_describing_json.SelfDescribingJson object at 0x000002B58D232300>]}
[0m14:54:02.389348 [debug] [MainThread]: Flushing usage events
[0m13:54:24.168758 [debug] [MainThread]: Sending event: {'category': 'dbt', 'action': 'invocation', 'label': 'start', 'context': [<snowplow_tracker.self_describing_json.SelfDescribingJson object at 0x0000025F38FC0CB0>, <snowplow_tracker.self_describing_json.SelfDescribingJson object at 0x0000025F3B925640>, <snowplow_tracker.self_describing_json.SelfDescribingJson object at 0x0000025F3B9251F0>]}


============================== 13:54:24.181758 | 88ee5f7b-306e-450e-828a-85f9e2eb76ee ==============================
[0m13:54:24.181758 [info ] [MainThread]: Running with dbt=1.8.0
[0m13:54:24.182761 [debug] [MainThread]: running dbt with arguments {'printer_width': '80', 'indirect_selection': 'eager', 'log_cache_events': 'False', 'write_json': 'True', 'partial_parse': 'True', 'cache_selected_only': 'False', 'warn_error': 'None', 'version_check': 'True', 'profiles_dir': 'C:\\Users\\Darth\\.dbt', 'log_path': 'logs', 'fail_fast': 'False', 'debug': 'False', 'use_colors': 'True', 'use_experimental_parser': 'False', 'no_print': 'None', 'quiet': 'False', 'log_format': 'default', 'invocation_command': 'dbt deps', 'introspect': 'True', 'static_parser': 'True', 'target_path': 'None', 'warn_error_options': 'WarnErrorOptions(include=[], exclude=[])', 'send_anonymous_usage_stats': 'True'}
[0m13:54:24.184760 [error] [MainThread]: Encountered an error:
Runtime Error
  No dbt_project.yml found at expected path C:\Users\Darth\PycharmProjects\meiro_task\dbt_project.yml
  Verify that each entry within packages.yml (and their transitive dependencies) contains a file named dbt_project.yml
  
[0m13:54:24.185762 [debug] [MainThread]: Command `dbt deps` failed at 13:54:24.185762 after 0.26 seconds
[0m13:54:24.186759 [debug] [MainThread]: Sending event: {'category': 'dbt', 'action': 'invocation', 'label': 'end', 'context': [<snowplow_tracker.self_describing_json.SelfDescribingJson object at 0x0000025F3B802F00>, <snowplow_tracker.self_describing_json.SelfDescribingJson object at 0x0000025F3B14A0C0>, <snowplow_tracker.self_describing_json.SelfDescribingJson object at 0x0000025F3AC69640>]}
[0m13:54:24.187758 [debug] [MainThread]: Flushing usage events
